Determining if the pthread_create exist failed with the following output:
Change Dir: /home/clemens/Downloads/libdrone-master/build/CMakeFiles/CMakeTmp

Run Build Command:"/usr/bin/make" "cmTC_713e3/fast"
/usr/bin/make -f CMakeFiles/cmTC_713e3.dir/build.make CMakeFiles/cmTC_713e3.dir/build
make[1]: Entering directory '/home/clemens/Downloads/libdrone-master/build/CMakeFiles/CMakeTmp'
Building C object CMakeFiles/cmTC_713e3.dir/CheckSymbolExists.c.o
/usr/bin/cc     -o CMakeFiles/cmTC_713e3.dir/CheckSymbolExists.c.o   -c /home/clemens/Downloads/libdrone-master/build/CMakeFiles/CMakeTmp/CheckSymbolExists.c
Linking C executable cmTC_713e3
/usr/bin/cmake -E cmake_link_script CMakeFiles/cmTC_713e3.dir/link.txt --verbose=1
/usr/bin/cc       CMakeFiles/cmTC_713e3.dir/CheckSymbolExists.c.o  -o cmTC_713e3 -rdynamic 
CMakeFiles/cmTC_713e3.dir/CheckSymbolExists.c.o: In function `main':
CheckSymbolExists.c:(.text+0x16): undefined reference to `pthread_create'
collect2: error: ld returned 1 exit status
CMakeFiles/cmTC_713e3.dir/build.make:97: recipe for target 'cmTC_713e3' failed
make[1]: *** [cmTC_713e3] Error 1
make[1]: Leaving directory '/home/clemens/Downloads/libdrone-master/build/CMakeFiles/CMakeTmp'
Makefile:126: recipe for target 'cmTC_713e3/fast' failed
make: *** [cmTC_713e3/fast] Error 2

File /home/clemens/Downloads/libdrone-master/build/CMakeFiles/CMakeTmp/CheckSymbolExists.c:
/* */
#include <pthread.h>

int main(int argc, char** argv)
{
  (void)argv;
#ifndef pthread_create
  return ((int*)(&pthread_create))[argc];
#else
  (void)argc;
  return 0;
#endif
}

Determining if the function pthread_create exists in the pthreads failed with the following output:
Change Dir: /home/clemens/Downloads/libdrone-master/build/CMakeFiles/CMakeTmp

Run Build Command:"/usr/bin/make" "cmTC_c7978/fast"
/usr/bin/make -f CMakeFiles/cmTC_c7978.dir/build.make CMakeFiles/cmTC_c7978.dir/build
make[1]: Entering directory '/home/clemens/Downloads/libdrone-master/build/CMakeFiles/CMakeTmp'
Building C object CMakeFiles/cmTC_c7978.dir/CheckFunctionExists.c.o
/usr/bin/cc    -DCHECK_FUNCTION_EXISTS=pthread_create   -o CMakeFiles/cmTC_c7978.dir/CheckFunctionExists.c.o   -c /usr/share/cmake-3.5/Modules/CheckFunctionExists.c
Linking C executable cmTC_c7978
/usr/bin/cmake -E cmake_link_script CMakeFiles/cmTC_c7978.dir/link.txt --verbose=1
/usr/bin/cc   -DCHECK_FUNCTION_EXISTS=pthread_create    CMakeFiles/cmTC_c7978.dir/CheckFunctionExists.c.o  -o cmTC_c7978 -rdynamic -lpthreads 
/usr/bin/ld: cannot find -lpthreads
collect2: error: ld returned 1 exit status
CMakeFiles/cmTC_c7978.dir/build.make:97: recipe for target 'cmTC_c7978' failed
make[1]: *** [cmTC_c7978] Error 1
make[1]: Leaving directory '/home/clemens/Downloads/libdrone-master/build/CMakeFiles/CMakeTmp'
Makefile:126: recipe for target 'cmTC_c7978/fast' failed
make: *** [cmTC_c7978/fast] Error 2


